<?xml version="1.0" encoding="UTF-8"?>
<!-- Generated by org.testng.reporters.JUnitReportReporter -->
<testsuite hostname="Ideapad" failures="0" tests="1" name="tests.OverviewTest" time="3.308" errors="0" timestamp="2024-07-26T02:31:40 IST" skipped="0">
  <testcase classname="tests.OverviewTest" name="checkoutOverviewTest" time="3.308"/>
</testsuite> <!-- tests.OverviewTest -->
