<?xml version="1.0" encoding="UTF-8"?>
<!-- Generated by org.testng.reporters.JUnitReportReporter -->
<testsuite hostname="Ideapad" failures="0" tests="2" name="tests.LoginTest" time="4.031" errors="0" timestamp="2024-07-15T18:34:53 IST" skipped="0">
  <testcase classname="tests.LoginTest" name="pageLogoTest" time="2.052"/>
  <testcase classname="tests.LoginTest" name="loginPageTest" time="1.979"/>
</testsuite> <!-- tests.LoginTest -->
