<?xml version="1.0" encoding="UTF-8"?>
<!-- Generated by org.testng.reporters.JUnitReportReporter -->
<testsuite hostname="Ideapad" failures="0" tests="1" name="tests.CheckoutCompleteTest" time="3.359" errors="0" timestamp="2024-08-05T22:07:26 IST" skipped="0">
  <testcase classname="tests.CheckoutCompleteTest" name="checkoutInfoTest" time="3.359"/>
</testsuite> <!-- tests.CheckoutCompleteTest -->
