<?xml version="1.0" encoding="UTF-8"?>
<!-- Generated by org.testng.reporters.JUnitReportReporter -->
<testsuite hostname="Ideapad" failures="0" tests="5" name="tests.ProductPageTest" time="11.391" errors="0" timestamp="2024-07-27T01:16:16 IST" skipped="0">
  <testcase classname="tests.ProductPageTest" name="addProductToCart" time="2.142"/>
  <testcase classname="tests.ProductPageTest" name="filter" time="2.089"/>
  <testcase classname="tests.ProductPageTest" name="filter" time="2.727"/>
  <testcase classname="tests.ProductPageTest" name="filter" time="2.307"/>
  <testcase classname="tests.ProductPageTest" name="filter" time="2.126"/>
</testsuite> <!-- tests.ProductPageTest -->
