<?xml version="1.0" encoding="UTF-8"?>
<!-- Generated by org.testng.reporters.JUnitReportReporter -->
<testsuite hostname="Ideapad" failures="0" tests="2" name="tests.LoginTest" time="4.718" errors="0" timestamp="2024-07-27T22:50:24 IST" skipped="0">
  <testcase classname="tests.LoginTest" name="loginPageTest" time="2.960"/>
  <testcase classname="tests.LoginTest" name="pageLogoTest" time="1.758"/>
</testsuite> <!-- tests.LoginTest -->
