<?xml version="1.0" encoding="UTF-8"?>
<!-- Generated by org.testng.reporters.JUnitReportReporter -->
<testsuite hostname="Ideapad" failures="0" tests="1" name="tests.CheckoutPageTest" time="3.003" errors="0" timestamp="2024-08-05T22:07:15 IST" skipped="0">
  <testcase classname="tests.CheckoutPageTest" name="checkoutInfoTest" time="3.003"/>
</testsuite> <!-- tests.CheckoutPageTest -->
