<?xml version="1.0" encoding="UTF-8"?>
<!-- Generated by org.testng.reporters.JUnitReportReporter -->
<testsuite hostname="Ideapad" failures="0" tests="1" name="tests.CheckoutPageTest" time="3.052" errors="0" timestamp="2024-07-26T02:31:55 IST" skipped="0">
  <testcase classname="tests.CheckoutPageTest" name="checkoutInfoTest" time="3.052"/>
</testsuite> <!-- tests.CheckoutPageTest -->
