<?xml version="1.0" encoding="UTF-8"?>
<!-- Generated by org.testng.reporters.JUnitReportReporter -->
<testsuite hostname="Ideapad" failures="0" tests="1" name="tests.CheckoutCompleteTest" time="3.499" errors="0" timestamp="2024-07-26T19:30:15 IST" skipped="0">
  <testcase classname="tests.CheckoutCompleteTest" name="checkoutInfoTest" time="3.499"/>
</testsuite> <!-- tests.CheckoutCompleteTest -->
