<?xml version="1.0" encoding="UTF-8"?>
<!-- Generated by org.testng.reporters.JUnitReportReporter -->
<testsuite hostname="Ideapad" failures="0" tests="1" name="tests.OverviewTest" time="3.328" errors="0" timestamp="2024-08-05T22:07:04 IST" skipped="0">
  <testcase classname="tests.OverviewTest" name="checkoutOverviewTest" time="3.328"/>
</testsuite> <!-- tests.OverviewTest -->
