<?xml version="1.0" encoding="UTF-8"?>
<!-- Generated by org.testng.reporters.JUnitReportReporter -->
<testsuite hostname="Ideapad" failures="0" tests="1" name="tests.ReportingDemo" time="2.467" errors="0" timestamp="2024-07-27T21:02:11 IST" skipped="0">
  <testcase classname="tests.ReportingDemo" name="generatereport" time="2.467"/>
</testsuite> <!-- tests.ReportingDemo -->
