<?xml version="1.0" encoding="UTF-8"?>
<!-- Generated by org.testng.reporters.JUnitReportReporter -->
<testsuite hostname="Ideapad" failures="0" tests="2" name="tests.LoginTest" time="4.974" errors="0" timestamp="2024-08-20T23:17:38 IST" skipped="0">
  <testcase classname="tests.LoginTest" name="pageLogoTest" time="1.827"/>
  <testcase classname="tests.LoginTest" name="loginPageTest" time="3.147"/>
</testsuite> <!-- tests.LoginTest -->
