<?xml version="1.0" encoding="UTF-8"?>
<!-- Generated by org.testng.reporters.JUnitReportReporter -->
<testsuite hostname="Ideapad" failures="0" tests="1" name="tests.YourCartTest" time="2.727" errors="0" timestamp="2024-07-26T02:31:29 IST" skipped="0">
  <testcase classname="tests.YourCartTest" name="validateProductOnCartPage" time="2.727"/>
</testsuite> <!-- tests.YourCartTest -->
