<?xml version="1.0" encoding="UTF-8"?>
<!-- Generated by org.testng.reporters.JUnitReportReporter -->
<testsuite hostname="Ideapad" failures="0" tests="5" name="tests.ProductPageTest" time="11.663" errors="0" timestamp="2024-08-05T22:06:39 IST" skipped="0">
  <testcase classname="tests.ProductPageTest" name="filter" time="2.718"/>
  <testcase classname="tests.ProductPageTest" name="filter" time="2.020"/>
  <testcase classname="tests.ProductPageTest" name="filter" time="2.156"/>
  <testcase classname="tests.ProductPageTest" name="addProductToCart" time="2.576"/>
  <testcase classname="tests.ProductPageTest" name="filter" time="2.193"/>
</testsuite> <!-- tests.ProductPageTest -->
