<?xml version="1.0" encoding="UTF-8"?>
<!-- Generated by org.testng.reporters.JUnitReportReporter -->
<testsuite hostname="Ideapad" failures="0" tests="1" name="tests.YourCartTest" time="2.780" errors="0" timestamp="2024-08-05T22:06:49 IST" skipped="0">
  <testcase classname="tests.YourCartTest" name="validateProductOnCartPage" time="2.780"/>
</testsuite> <!-- tests.YourCartTest -->
