<?xml version="1.0" encoding="UTF-8"?>
<!-- Generated by org.testng.reporters.JUnitReportReporter -->
<testsuite hostname="Ideapad" failures="0" tests="2" name="tests.LoginTest" time="5.009" errors="0" timestamp="2024-08-05T22:06:17 IST" skipped="0">
  <testcase classname="tests.LoginTest" name="loginPageTest" time="3.158"/>
  <testcase classname="tests.LoginTest" name="pageLogoTest" time="1.851"/>
</testsuite> <!-- tests.LoginTest -->
